114	118	6905	2.21e-129
110	113	6906	2.52e-126
245	250	6907	5.08e-125
64	201	6908	3.29e-124
147	262	6909	1.15e-123
86	115	6910	1.82e-123
80	107	6911	1.43e-122
561	587	6912	1.43e-120
500	590	6913	1.64e-120
471	497	6914	2.11e-120
90	95	6915	2.53e-120
492	494	6916	7.45e-120
142	181	6917	1.83e-119
248	576	6918	6.80e-118
1007	1018	6919	8.19e-118
360	418	6920	1.45e-117
260	426	6921	2.07e-117
25	28	6922	2.79e-117
425	575	6923	4.19e-117
159	204	6924	2.36e-116
922	1099	6925	3.16e-116
691	706	6926	7.36e-116
419	423	6927	1.87e-115
907	916	6928	2.82e-115
77	81	6929	2.97e-115
117	121	6930	3.26e-115
1092	1097	6931	5.39e-115
488	703	6932	1.07e-114
183	247	6933	3.71e-114
913	923	6934	4.70e-114
1330	1336	6935	7.67e-114
589	701	6936	7.95e-114
1101	1108	6937	2.00e-113
1444	1529	6938	2.46e-113
89	97	6939	2.52e-113
1488	1501	6940	1.36e-112
1390	1392	6941	2.16e-112
1499	1527	6942	1.36e-111
1181	1223	6943	4.05e-111
299	489	6944	6.73e-111
535	696	6945	8.19e-111
563	582	6946	8.65e-111
1224	1240	6947	9.81e-111
659	713	6948	3.77e-110
562	572	6949	4.26e-110
1094	1111	6950	7.64e-110
1096	1219	6951	1.35e-109
355	486	6952	1.48e-109
817	931	6953	1.82e-109
564	581	6954	2.00e-109
1093	1104	6955	4.31e-109
560	571	6956	5.20e-109
565	577	6957	8.40e-109
908	915	6958	2.60e-108
1689	1741	6959	3.59e-108
917	1112	6960	6.12e-108
1485	1493	6961	6.43e-108
820	1011	6962	7.68e-108
910	911	6963	1.08e-107
708	927	6964	1.65e-107
495	554	6965	7.35e-107
1102	1117	6966	9.57e-107
1554	1557	6967	1.06e-106
238	276	6968	1.33e-106
1236	1241	6969	1.39e-106
244	364	6970	3.10e-106
417	580	6971	4.03e-106
48	55	6972	4.31e-106
362	498	6973	4.84e-106
566	693	6974	9.45e-106
1437	1439	6975	1.37e-105
424	568	6976	1.83e-105
1996	2167	6977	2.54e-105
1230	1328	6978	4.15e-105
1446	1495	6979	4.77e-105
1076	1118	6980	4.92e-105
641	700	6981	4.93e-105
358	491	6982	9.74e-105
356	370	6983	1.17e-104
1484	1553	6984	1.56e-104
455	707	6985	3.10e-104
810	933	6986	6.44e-104
966	1014	6987	9.21e-104
203	365	6988	1.45e-103
813	1482	6989	2.72e-103
128	300	6990	3.80e-103
490	588	6991	4.84e-103
415	573	6992	5.29e-103
359	363	6993	5.60e-103
1391	1487	6994	5.86e-103
1438	1443	6995	4.04e-102
1490	1530	6996	8.03e-102
421	493	6997	8.03e-102
1671	1675	6998	8.79e-102
569	583	6999	1.27e-101
1583	1629	7000	1.62e-101
1388	1528	7001	1.99e-101
709	1332	7002	2.61e-101
79	92	7003	4.04e-101
1109	1164	7004	1.21e-100
27	33	7005	1.45e-100
1486	1496	7006	3.29e-100
1225	1237	7007	5.32e-100
1098	1242	7008	9.40e-100
1721	1840	7009	1.06e-99
1009	1105	7010	1.43e-99
1106	1113	7011	2.11e-99
1221	1231	7012	2.43e-99
3445	3447	7013	5.49e-99
301	420	7014	6.70e-99
1091	1387	7015	6.86e-99
702	929	7016	7.78e-99
814	926	7017	1.09e-98
557	574	7018	1.65e-98
1690	1945	7019	1.84e-98
496	585	7020	2.33e-98
579	586	7021	3.44e-98
157	205	7022	3.95e-98
1110	1220	7023	4.41e-98
808	932	7024	1.52e-97
578	699	7025	4.00e-97
76	253	7026	5.23e-97
361	444	7027	2.33e-96
705	930	7028	2.95e-96
1226	1229	7029	6.32e-96
1489	1532	7030	2.54e-95
1233	1333	7031	1.04e-94
819	823	7032	1.26e-94
591	695	7033	2.01e-94
239	1498	7034	2.07e-94
1442	1502	7035	2.65e-94
3633	3731	7036	4.17e-94
811	1012	7037	4.93e-94
919	1630	7038	5.11e-94
1114	1483	7039	9.74e-94
1100	1338	7040	9.89e-94
914	1234	7041	3.32e-93
1095	1222	7042	5.79e-93
584	1116	7043	6.59e-93
1551	1555	7044	8.34e-93
414	807	7045	2.30e-92
1334	1588	7046	2.38e-92
1107	1227	7047	3.97e-92
242	1015	7048	6.75e-92
3839	3840	7049	7.88e-92
119	821	7050	2.68e-91
570	924	7051	5.18e-91
1447	1494	7052	6.50e-91
91	160	7053	9.51e-91
1337	1386	7054	1.79e-90
697	804	7055	2.66e-90
1673	2012	7056	4.04e-90
1584	1585	7057	7.73e-90
1558	1842	7058	2.77e-89
694	806	7059	4.59e-89
710	805	7060	4.94e-89
120	141	7061	6.91e-89
366	809	7062	7.91e-89
711	818	7063	1.01e-88
24	26	7064	2.14e-88
499	812	7065	3.92e-88
637	1161	7066	6.40e-88
1552	1556	7067	7.08e-88
422	1217	7068	1.30e-87
2181	2182	7069	1.35e-87
158	161	7070	1.55e-87
1436	1500	7071	7.65e-87
56	57	7072	1.13e-85
1586	1587	7073	1.77e-85
698	1115	7074	2.10e-85
1063	1674	7075	4.25e-85
94	202	7076	2.89e-84
403	921	7077	3.07e-84
1329	1441	7078	3.82e-84
206	912	7079	4.70e-84
567	822	7080	8.57e-84
96	357	7081	1.57e-83
2168	2187	7082	1.61e-83
211	416	7083	2.04e-83
2733	2829	7084	2.77e-83
918	1238	7085	4.43e-83
1010	1235	7086	5.23e-83
2706	2938	7087	6.81e-83
1239	1492	7088	4.72e-82
1946	2059	7089	7.95e-82
1006	1228	7090	3.96e-81
6906	6911	7091	2.27e-125
6905	7026	7092	3.99e-123
6909	6933	7093	1.34e-120
6920	6956	7094	6.11e-120
6914	6916	7095	4.67e-119
93	6915	7096	6.97e-119
6931	6950	7097	8.41e-118
6908	6990	7098	5.92e-116
123	6910	7099	2.78e-115
6918	6936	7100	3.87e-115
6932	6948	7101	6.26e-115
6928	6958	7102	1.30e-114
98	6939	7103	1.90e-114
6924	6970	7104	1.51e-113
6927	6991	7105	1.62e-113
6912	7025	7106	1.65e-113
6919	7007	7107	3.58e-113
6907	6988	7108	1.52e-112
116	6930	7109	1.87e-112
6951	6969	7110	1.98e-112
1218	6925	7111	2.67e-112
199	6993	7112	6.87e-111
6944	6976	7113	1.29e-110
6954	6992	7114	9.17e-110
6983	7014	7115	2.48e-109
815	6952	7116	3.36e-109
6953	6965	7117	8.63e-109
6980	7004	7118	1.15e-108
6941	7054	7119	1.86e-108
6943	7010	7120	3.99e-108
6923	7020	7121	4.80e-108
6962	7029	7122	5.32e-107
6979	7006	7123	7.12e-107
6977	7069	7124	1.70e-106
1590	6967	7125	6.87e-106
6966	7040	7126	7.92e-106
6961	7071	7127	7.93e-106
6963	7024	7128	1.00e-105
6947	7012	7129	1.28e-105
6917	7076	7130	1.84e-105
1335	6984	7131	1.86e-105
6987	7047	7132	2.20e-105
6968	7022	7133	2.30e-105
712	7062	7134	2.83e-105
6999	7032	7135	3.67e-105
6974	7016	7136	1.29e-104
6994	6995	7137	1.32e-104
6982	7021	7138	6.93e-104
85	7003	7139	1.29e-103
920	7055	7140	2.07e-103
6935	6960	7141	2.72e-103
6981	7018	7142	2.78e-103
7009	7058	7143	5.73e-103
6985	7033	7144	6.20e-103
6934	6986	7145	2.08e-102
7001	7075	7146	7.80e-102
60	7005	7147	1.25e-101
7011	7023	7148	2.65e-101
7002	7048	7149	1.30e-100
302	6957	7150	1.37e-98
6945	7066	7151	7.02e-98
7037	7077	7152	1.01e-96
6955	7088	7153	1.10e-96
6938	7057	7154	1.63e-96
6971	7043	7155	3.82e-96
7000	7038	7156	2.04e-95
459	6921	7157	4.66e-95
7051	7083	7158	1.06e-94
6926	7059	7159	1.26e-94
6978	7052	7160	5.56e-94
6942	7030	7161	3.13e-93
6997	7081	7162	4.54e-93
6937	7085	7163	4.04e-92
2548	7013	7164	6.20e-91
6949	7041	7165	3.54e-90
3730	7049	7166	7.96e-90
1389	7074	7167	1.53e-89
7027	7070	7168	2.94e-87
413	6989	7169	2.93e-86
6946	7090	7170	1.04e-85
7034	7065	7171	2.39e-85
1913	7056	7172	3.13e-85
6913	7042	7173	7.35e-85
1688	6998	7174	6.14e-84
6940	7008	7175	6.30e-84
1497	7044	7176	8.10e-84
2186	7082	7177	5.20e-83
1103	6975	7178	6.05e-83
925	7039	7179	1.63e-82
6996	7067	7180	3.04e-82
2765	7084	7181	2.85e-81
7095	7113	7182	2.85e-126
7091	7099	7183	3.80e-126
7096	7109	7184	8.74e-119
7101	7142	7185	2.05e-118
7108	7133	7186	2.58e-115
7105	7115	7187	9.79e-115
7106	7117	7188	1.58e-114
7102	7145	7189	1.82e-113
7098	7157	7190	3.28e-113
7103	7130	7191	7.33e-112
7107	7111	7192	2.98e-111
7134	7138	7193	1.86e-110
7100	7136	7194	2.94e-110
7118	7129	7195	1.94e-109
7127	7161	7196	2.26e-109
7110	7132	7197	4.12e-109
7149	7162	7198	2.90e-108
7015	7119	7199	1.69e-107
7114	7151	7200	1.84e-107
7092	7168	7201	1.94e-107
7112	7171	7202	2.83e-107
7097	7141	7203	5.40e-106
7152	7165	7204	1.02e-105
7148	7167	7205	1.56e-105
78	7139	7206	4.66e-104
7094	7158	7207	6.54e-104
7120	7153	7208	1.57e-103
7146	7156	7209	3.44e-103
7035	7123	7210	3.58e-103
7045	7116	7211	4.79e-103
7126	7128	7212	3.07e-102
7121	7135	7213	1.46e-101
7064	7147	7214	9.51e-101
136	7093	7215	8.56e-99
7031	7173	7216	4.86e-98
7155	7163	7217	1.86e-96
7140	7175	7218	6.81e-94
7124	7177	7219	7.78e-94
692	7159	7220	5.63e-93
7160	7170	7221	4.26e-92
7036	7166	7222	2.41e-90
7089	7172	7223	7.68e-90
7063	7169	7224	4.36e-89
7060	7150	7225	5.10e-89
658	7122	7226	5.11e-87
240	7131	7227	1.91e-86
7125	7180	7228	4.48e-86
7104	7144	7229	8.94e-85
7086	7137	7230	6.96e-83
1669	7178	7231	1.90e-81
7182	7213	7232	1.06e-123
7189	7212	7233	3.76e-114
7194	7220	7234	1.17e-113
7053	7183	7235	1.46e-113
7196	7210	7236	3.68e-113
7186	7201	7237	1.43e-112
7187	7207	7238	2.39e-112
7195	7208	7239	3.04e-112
7190	7211	7240	7.99e-111
7203	7205	7241	4.46e-110
7202	7229	7242	2.34e-109
7193	7200	7243	1.87e-107
7197	7226	7244	2.24e-107
7198	7224	7245	5.84e-107
7188	7204	7246	5.13e-104
7217	7218	7247	9.19e-103
7192	7216	7248	6.59e-102
1676	7209	7249	5.12e-100
7185	7225	7250	1.82e-98
7191	7206	7251	7.77e-98
7046	7199	7252	6.12e-94
7230	7231	7253	1.51e-91
39	7214	7254	1.87e-91
3898	7219	7255	1.27e-87
3785	7222	7256	2.74e-86
826	7184	7257	3.54e-86
7227	7228	7258	2.19e-85
7017	7221	7259	8.10e-81
7233	7241	7260	2.77e-116
7238	7245	7261	8.82e-114
7239	7248	7262	1.41e-113
7237	7251	7263	2.29e-113
7232	7246	7264	9.72e-113
7234	7250	7265	2.65e-111
7243	7247	7266	2.64e-110
407	7240	7267	1.23e-105
7236	7253	7268	3.59e-103
1640	7249	7269	1.42e-100
7242	7252	7270	4.56e-98
7244	7258	7271	3.50e-93
7061	7235	7272	2.32e-92
1232	7257	7273	1.82e-89
7079	7259	7274	1.46e-83
7072	7254	7275	1.64e-82
7261	7266	7276	2.66e-112
7260	7271	7277	1.73e-111
7263	7272	7278	4.25e-108
7264	7265	7279	5.70e-107
7262	7268	7280	5.13e-103
7267	7270	7281	3.65e-100
6959	7269	7282	5.78e-90
7273	7274	7283	1.88e-88
6972	7275	7284	3.22e-83
7276	7281	7285	1.15e-111
7277	7280	7286	2.79e-104
7215	7278	7287	9.41e-101
7068	7279	7288	1.81e-99
7282	7283	7289	2.77e-91
7078	7284	7290	1.08e-82
7285	7286	7291	2.42e-107
7288	7289	7292	1.78e-99
82	7287	7293	4.15e-87
6922	7290	7294	2.40e-83
7291	7292	7295	2.55e-106
7028	7294	7296	1.88e-85
7295	7296	7297	4.04e-94
243	7297	7298	4.90e-85
7293	7298	7299	6.72e-85
3841	7256	7300	2.60e-80
1471	7154	7301	4.14e-80
5522	5534	7302	1.75e-78
1440	1550	7303	5.08e-78
5501	5618	7304	1.77e-77
704	816	7305	2.90e-77
7080	7299	7306	4.56e-77
2836	7087	7307	9.34e-77
5515	5520	7308	2.15e-76
909	7179	7309	8.63e-76
1769	7223	7310	4.32e-75
5521	5578	7311	3.31e-74
1331	6964	7312	1.90e-72
5894	6060	7313	7.62e-72
6127	6165	7314	2.39e-71
1491	7301	7315	3.37e-95
7305	7309	7316	3.79e-87
7303	7312	7317	3.08e-86
1841	7310	7318	1.23e-79
7302	7304	7319	1.80e-74
246	7306	7320	2.62e-72
5616	7308	7321	1.96e-71
7316	7317	7322	1.21e-97
1719	7318	7323	1.19e-78
1206	7320	7324	1.13e-76
7322	7324	7325	3.25e-91
7073	7323	7326	2.35e-78
6973	7325	7327	2.45e-78
1706	7326	7328	3.85e-77
1008	7327	7329	8.80e-76
7050	7329	7330	1.56e-73
928	7330	7331	1.66e-74
7315	7331	7332	1.28e-70
5907	6051	7333	6.84e-70
5935	5969	7334	1.51e-69
5988	7313	7335	5.11e-69
6170	6185	7336	7.61e-69
6052	6145	7337	1.52e-68
6341	7314	7338	1.62e-68
6161	6250	7339	2.75e-68
6046	6169	7340	3.12e-68
5453	7311	7341	1.27e-67
5523	7321	7342	3.08e-67
2174	7164	7343	7.02e-67
5870	6299	7344	1.06e-66
3899	7300	7345	1.96e-66
7174	7328	7346	2.27e-66
5850	6048	7347	4.90e-66
6050	6063	7348	2.59e-65
5852	5922	7349	4.31e-65
6053	6163	7350	5.95e-65
6168	6181	7351	6.10e-65
6160	6187	7352	6.03e-64
5393	5471	7353	6.58e-64
7019	7176	7354	9.62e-64
5992	6177	7355	1.17e-63
5472	5475	7356	2.08e-63
5749	6307	7357	4.61e-63
6049	6166	7358	5.78e-63
3257	3258	7359	9.96e-63
6173	6175	7360	1.84e-62
6359	6488	7361	2.64e-62
2510	3356	7362	4.77e-62
6066	6167	7363	6.33e-62
5980	6058	7364	1.33e-61
1358	1531	7365	3.40e-61
6056	6174	7366	5.55e-61
6164	6306	7367	7.28e-61
1639	7354	7368	2.18e-80
7332	7365	7369	1.01e-77
7319	7342	7370	5.85e-73
7338	7339	7371	9.57e-71
7334	7335	7372	1.06e-69
3784	7345	7373	8.57e-68
7340	7352	7374	1.93e-67
7347	7364	7375	1.84e-66
6171	7337	7376	2.86e-66
1670	7346	7377	5.40e-66
6305	7344	7378	3.47e-65
2350	7343	7379	5.21e-65
7358	7363	7380	2.59e-63
7341	7356	7381	7.67e-62
7355	7357	7382	9.26e-62
2794	7359	7383	1.39e-61
6061	7348	7384	2.20e-61
5851	7360	7385	2.41e-61
6009	7361	7386	6.09e-61
1672	7368	7387	3.38e-81
7372	7375	7388	8.61e-75
7370	7381	7389	5.41e-71
7371	7382	7390	2.24e-68
7376	7380	7391	2.67e-65
6929	7369	7392	6.58e-64
7374	7385	7393	2.50e-63
7181	7383	7394	9.81e-61
7387	7392	7395	2.18e-69
7384	7388	7396	5.56e-68
6162	7390	7397	6.03e-63
7351	7391	7398	2.22e-62
7350	7393	7399	3.24e-61
7333	7396	7400	1.71e-66
2060	7395	7401	1.17e-64
7397	7399	7402	1.66e-61
298	7401	7403	2.44e-66
6182	7402	7404	1.35e-62
7377	7403	7405	1.25e-63
6176	7404	7406	4.65e-62
6184	7406	7407	1.01e-61
6178	7407	7408	3.03e-61
7366	7408	7409	2.15e-62
6514	6537	7410	1.02e-60
200	7405	7411	1.04e-60
6059	7400	7412	1.55e-60
6062	7398	7413	1.97e-60
5856	7409	7414	2.67e-60
6301	6361	7415	3.00e-60
6186	6304	7416	5.42e-60
6362	6484	7417	9.44e-60
5389	7389	7418	4.49e-59
5834	6485	7419	5.64e-59
6240	7386	7420	9.37e-59
6549	6589	7421	3.22e-58
6408	6504	7422	1.94e-57
6179	7367	7423	2.74e-55
6057	6065	7424	1.28e-53
6396	6475	7425	1.50e-53
6451	6496	7426	1.75e-53
5979	6188	7427	1.60e-52
6416	6521	7428	4.83e-52
2881	4283	7429	6.52e-52
7307	7394	7430	1.26e-51
354	7411	7431	6.84e-64
6047	7413	7432	9.19e-61
5978	7414	7433	3.77e-60
7417	7420	7434	8.01e-59
6300	7415	7435	1.19e-58
6363	7410	7436	1.17e-56
6064	7412	7437	1.36e-55
7425	7428	7438	6.57e-55
7419	7426	7439	1.25e-54
7378	7423	7440	1.08e-52
7434	7439	7441	1.23e-59
7427	7433	7442	3.96e-58
6183	7432	7443	9.18e-56
7416	7435	7444	3.78e-55
6298	7440	7445	5.16e-53
6452	7437	7446	4.77e-52
7422	7436	7447	1.15e-51
7444	7445	7448	2.73e-58
6055	7442	7449	2.77e-57
6302	7448	7450	1.18e-54
7336	7449	7451	1.29e-54
6360	7451	7452	2.75e-55
7443	7452	7453	7.33e-53
6395	7453	7454	4.45e-53
6180	7454	7455	3.37e-51
6172	7455	7456	5.46e-52
5853	7456	7457	8.30e-55
7349	7457	7458	1.54e-52
7424	7458	7459	1.37e-52
5823	7459	7460	6.85e-53
6054	7460	7461	1.31e-50
3998	7255	7462	1.40e-49
7421	7447	7463	1.25e-48
3446	7430	7464	3.93e-47
5748	7441	7465	4.04e-47
2492	7362	7466	2.09e-46
5883	6303	7467	7.29e-43
7438	7446	7468	8.58e-42
7461	7467	7469	1.10e-53
2648	7464	7470	1.64e-48
5681	7463	7471	5.53e-48
6505	7465	7472	1.08e-46
7450	7468	7473	1.30e-42
7469	7473	7474	1.34e-54
5997	7472	7475	1.16e-43
7474	7475	7476	4.43e-53
5797	7476	7477	2.06e-56
6553	7477	7478	2.04e-46
6394	7478	7479	1.39e-43
6567	7479	7480	2.06e-42
6358	7480	7481	9.85e-43
645	7431	7482	6.78e-39
2434	7143	7483	6.62e-38
6821	6822	7484	1.46e-37
7429	7470	7485	7.85e-37
7462	7466	7486	1.01e-35
6405	7481	7487	1.37e-35
2454	7373	7488	7.81e-35
3056	7485	7489	2.61e-35
6479	7487	7490	1.70e-31
5680	7490	7491	3.63e-28
6758	7484	7492	6.29e-28
4894	7489	7493	4.95e-27
7486	7488	7494	1.62e-25
3017	3712	7495	1.79e-25
249	7482	7496	5.20e-22
7471	7491	7497	1.07e-26
7483	7493	7498	1.88e-26
7379	7494	7499	9.57e-25
7495	7498	7500	1.01e-27
3732	7499	7501	2.19e-21
7500	7501	7502	6.23e-30
5009	7418	7503	4.00e-18
3357	7502	7504	2.49e-17
7492	7497	7505	2.34e-16
2149	4415	7506	9.99e-11
5392	7503	7507	9.39e-15
7353	7504	7508	3.26e-13
5391	7507	7509	4.28e-26
7506	7508	7510	1.25e-12
5720	7509	7511	6.93e-13
7510	7511	7512	4.10e-13
7496	7512	7513	4.47e-05
5709	7505	7514	4.67e-02
2707	7513	7515	3.96e-06
6904	7514	7516	8.23e-02
7515	7516	7517	4.22e-02
