262	355	2993	1.26e-47
869	920	2994	8.38e-43
925	975	2995	1.52e-42
203	354	2996	6.15e-42
722	781	2997	3.20e-41
126	240	2998	6.30e-41
256	840	2999	9.39e-41
2993	2996	3000	5.39e-45
2994	2999	3001	1.62e-42
1767	2995	3002	1.80e-42
406	3000	3003	1.35e-42
560	2997	3004	2.39e-39
1041	3002	3005	5.03e-38
574	1266	3006	1.04e-37
97	329	3007	1.33e-37
405	3003	3008	1.84e-37
503	726	3009	1.25e-32
1267	1536	3010	3.62e-32
3004	3008	3011	4.00e-41
3001	3007	3012	2.53e-37
3005	3012	3013	1.41e-35
3006	3013	3014	2.48e-31
984	3014	3015	3.40e-31
1103	3015	3016	1.48e-30
365	2998	3017	1.05e-27
1395	2798	3018	3.68e-25
2357	2358	3019	2.34e-23
1866	2356	3020	8.45e-22
3016	3017	3021	1.07e-26
3018	3020	3022	8.79e-26
3010	3019	3023	4.00e-25
3011	3021	3024	5.56e-26
3022	3023	3025	2.15e-25
2992	3025	3026	1.26e-24
633	3024	3027	4.21e-23
3009	3026	3028	5.67e-22
38	3028	3029	3.45e-22
1151	3029	3030	5.06e-21
2848	3030	3031	5.58e-21
3027	3031	3032	2.51e-19
1480	1653	3033	3.65e-14
3032	3033	3034	4.81e-24
2142	3034	3035	1.19e-17
124	3035	3036	8.35e-08
