114	118	6905	2.21e-129
110	113	6906	2.52e-126
245	250	6907	5.08e-125
64	201	6908	3.29e-124
147	262	6909	1.15e-123
86	115	6910	1.82e-123
80	107	6911	1.43e-122
561	587	6912	1.43e-120
500	590	6913	1.64e-120
471	497	6914	2.11e-120
90	95	6915	2.53e-120
492	494	6916	7.45e-120
142	181	6917	1.83e-119
248	576	6918	6.80e-118
1007	1018	6919	8.19e-118
360	418	6920	1.45e-117
260	426	6921	2.07e-117
25	28	6922	2.79e-117
425	575	6923	4.19e-117
159	204	6924	2.36e-116
922	1099	6925	3.16e-116
691	706	6926	7.36e-116
419	423	6927	1.87e-115
907	916	6928	2.82e-115
77	81	6929	2.97e-115
117	121	6930	3.26e-115
1092	1097	6931	5.39e-115
488	703	6932	1.07e-114
183	247	6933	3.71e-114
913	923	6934	4.70e-114
1330	1336	6935	7.67e-114
589	701	6936	7.95e-114
1101	1108	6937	2.00e-113
1444	1529	6938	2.46e-113
89	97	6939	2.52e-113
1488	1501	6940	1.36e-112
1390	1392	6941	2.16e-112
1499	1527	6942	1.36e-111
1181	1223	6943	4.05e-111
299	489	6944	6.73e-111
535	696	6945	8.19e-111
563	582	6946	8.65e-111
1224	1240	6947	9.81e-111
659	713	6948	3.77e-110
562	572	6949	4.26e-110
1094	1111	6950	7.64e-110
1096	1219	6951	1.35e-109
355	486	6952	1.48e-109
817	931	6953	1.82e-109
564	581	6954	2.00e-109
1093	1104	6955	4.31e-109
560	571	6956	5.20e-109
565	577	6957	8.40e-109
908	915	6958	2.60e-108
1689	1741	6959	3.59e-108
917	1112	6960	6.12e-108
1485	1493	6961	6.43e-108
820	1011	6962	7.68e-108
910	911	6963	1.08e-107
708	927	6964	1.65e-107
495	554	6965	7.35e-107
1102	1117	6966	9.57e-107
1554	1557	6967	1.06e-106
238	276	6968	1.33e-106
1236	1241	6969	1.39e-106
244	364	6970	3.10e-106
417	580	6971	4.03e-106
48	55	6972	4.31e-106
362	498	6973	4.84e-106
566	693	6974	9.45e-106
1437	1439	6975	1.37e-105
424	568	6976	1.83e-105
1996	2167	6977	2.54e-105
1230	1328	6978	4.15e-105
1446	1495	6979	4.77e-105
1076	1118	6980	4.92e-105
641	700	6981	4.93e-105
358	491	6982	9.74e-105
356	370	6983	1.17e-104
1484	1553	6984	1.56e-104
455	707	6985	3.10e-104
810	933	6986	6.44e-104
966	1014	6987	9.21e-104
203	365	6988	1.45e-103
813	1482	6989	2.72e-103
128	300	6990	3.80e-103
490	588	6991	4.84e-103
415	573	6992	5.29e-103
359	363	6993	5.60e-103
1391	1487	6994	5.86e-103
1438	1443	6995	4.04e-102
1490	1530	6996	8.03e-102
421	493	6997	8.03e-102
1671	1675	6998	8.79e-102
569	583	6999	1.27e-101
1583	1629	7000	1.62e-101
1388	1528	7001	1.99e-101
709	1332	7002	2.61e-101
79	92	7003	4.04e-101
76	6905	7004	3.27e-127
6906	6911	7005	2.27e-125
6909	6933	7006	1.34e-120
6920	6956	7007	6.11e-120
6914	6916	7008	4.67e-119
93	6915	7009	6.97e-119
6931	6950	7010	8.41e-118
1237	6919	7011	2.82e-116
6908	6990	7012	5.92e-116
123	6910	7013	2.78e-115
6918	6936	7014	3.87e-115
6932	6948	7015	6.26e-115
6928	6958	7016	1.30e-114
98	6939	7017	1.90e-114
420	6927	7018	2.00e-114
6924	6970	7019	1.51e-113
6907	6988	7020	1.52e-112
116	6930	7021	1.87e-112
6951	6969	7022	1.98e-112
1218	6925	7023	2.67e-112
699	6912	7024	2.39e-111
199	6993	7025	6.87e-111
6944	6976	7026	1.29e-110
637	6954	7027	1.49e-110
578	6999	7028	2.29e-109
815	6952	7029	3.36e-109
6953	6965	7030	8.63e-109
1387	6941	7031	1.50e-107
1226	6962	7032	1.89e-107
1105	6943	7033	6.61e-107
1109	6980	7034	2.68e-106
1500	6961	7035	4.36e-106
808	6963	7036	4.51e-106
1590	6967	7037	6.87e-106
1100	6966	7038	1.30e-105
585	6923	7039	1.78e-105
1335	6984	7040	1.86e-105
1486	6979	7041	2.27e-105
205	6968	7042	9.67e-105
932	6987	7043	1.12e-104
6994	6995	7044	1.32e-104
6983	6991	7045	8.05e-104
85	7003	7046	1.29e-103
712	6982	7047	1.68e-103
6935	6960	7048	2.72e-103
94	6917	7049	5.41e-103
6934	6986	7050	2.08e-102
6945	6992	7051	7.77e-102
1221	6947	7052	9.60e-102
929	6974	7053	1.58e-101
557	6981	7054	2.30e-101
1225	6955	7055	6.11e-101
7008	7026	7056	2.85e-126
7005	7013	7057	3.80e-126
7009	7021	7058	8.74e-119
7015	7054	7059	4.95e-116
7017	7049	7060	2.64e-115
7018	7045	7061	3.97e-115
7020	7042	7062	1.48e-114
6921	7012	7063	3.88e-114
7016	7050	7064	1.82e-113
7024	7030	7065	3.20e-112
7011	7023	7066	9.23e-112
698	7036	7067	4.33e-111
7027	7051	7068	1.24e-110
7014	7053	7069	1.67e-110
809	7047	7070	3.66e-110
1442	7035	7071	6.85e-110
570	7007	7072	9.09e-109
7034	7052	7073	5.88e-108
1498	7019	7074	2.30e-107
1227	7022	7075	3.13e-107
807	7029	7076	4.57e-107
1386	7031	7077	4.83e-107
239	7025	7078	9.78e-107
7010	7048	7079	5.40e-106
7004	7006	7080	6.61e-106
1496	7041	7081	6.21e-105
1107	7043	7082	1.22e-104
1009	7033	7083	1.54e-104
823	7028	7084	1.62e-104
6942	7044	7085	1.86e-104
78	7046	7086	4.66e-104
496	7039	7087	1.16e-103
7056	7087	7088	5.66e-123
96	7058	7089	5.53e-116
7062	7080	7090	1.01e-114
7065	7084	7091	2.90e-114
7057	7060	7092	3.84e-114
574	7059	7093	2.88e-111
7064	7079	7094	3.34e-111
7055	7066	7095	5.77e-111
7073	7083	7096	1.85e-109
416	7061	7097	5.88e-109
692	7069	7098	3.72e-108
7074	7078	7099	1.80e-106
7068	7070	7100	3.81e-106
7071	7081	7101	7.82e-106
7075	7082	7102	9.85e-105
1337	7077	7103	3.40e-104
7063	7076	7104	5.54e-101
7088	7091	7105	3.43e-117
7067	7094	7106	7.03e-116
7093	7098	7107	1.87e-113
7072	7097	7108	6.63e-107
91	7092	7109	1.23e-106
1231	7096	7110	1.44e-106
1502	7101	7111	1.72e-106
7086	7090	7112	6.78e-106
1091	7103	7113	3.06e-104
586	7100	7114	7.24e-104
1239	7095	7115	6.98e-103
1110	7102	7116	8.00e-102
7106	7116	7117	1.72e-111
7110	7115	7118	7.18e-109
7108	7114	7119	1.87e-107
160	7109	7120	2.26e-106
157	7112	7121	3.36e-105
1532	7111	7122	4.28e-105
694	7107	7123	9.93e-105
422	7105	7124	8.36e-102
7120	7121	7125	6.76e-107
1333	7118	7126	2.01e-106
7032	7117	7127	5.48e-106
584	7119	7128	2.45e-104
1489	7122	7129	5.88e-104
702	7123	7130	2.34e-103
7038	7127	7131	1.50e-107
1233	7126	7132	3.68e-104
579	7128	7133	2.10e-103
7085	7129	7134	5.56e-103
1113	7131	7135	8.76e-106
1095	7132	7136	1.07e-104
499	7133	7137	2.10e-103
1220	7135	7138	7.00e-105
1242	7136	7139	6.02e-103
413	7137	7140	1.63e-102
1338	7138	7141	6.12e-105
1164	7139	7142	4.26e-103
7104	7140	7143	4.33e-102
1106	7141	7144	1.16e-104
1222	7142	7145	1.74e-103
357	7143	7146	6.65e-102
7144	7146	7147	2.72e-103
1098	7145	7148	6.01e-103
2181	6977	7149	1.02e-100
27	33	7150	1.45e-100
7134	7148	7151	3.59e-100
819	7124	7152	4.85e-100
695	6985	7153	8.03e-100
1721	1840	7154	1.06e-99
811	7130	7155	1.36e-99
3445	3447	7156	5.49e-99
814	926	7157	1.09e-98
302	6957	7158	1.37e-98
1690	1945	7159	1.84e-98
710	7147	7160	1.24e-97
361	444	7161	2.33e-96
705	930	7162	2.95e-96
253	7125	7163	4.74e-96
1588	7113	7164	7.86e-96
1494	6978	7165	1.07e-95
1063	7001	7166	1.29e-95
1630	7000	7167	1.34e-95
301	7099	7168	1.43e-94
3633	3731	7169	4.17e-94
1114	1483	7170	9.74e-94
242	7002	7171	2.29e-93
914	1234	7172	3.32e-93
1116	6971	7173	6.31e-93
1551	1555	7174	8.34e-93
1161	6937	7175	9.86e-93
3839	3840	7176	7.88e-92
119	821	7177	2.68e-91
1584	6938	7178	3.88e-91
7151	7160	7179	5.45e-103
60	7150	7180	1.25e-101
1842	7154	7181	1.59e-101
7168	7171	7182	5.07e-101
591	7153	7183	6.18e-100
7164	7175	7184	6.14e-99
7152	7155	7185	1.04e-98
7161	7163	7186	8.64e-98
919	7167	7187	2.70e-96
2182	7149	7188	3.95e-96
1585	7178	7189	1.23e-95
924	7173	7190	5.65e-94
1447	7165	7191	1.77e-92
1674	7166	7192	1.86e-92
2548	7156	7193	6.20e-91
7187	7192	7194	3.44e-103
7179	7182	7195	1.01e-102
7184	7190	7196	2.90e-102
26	7180	7197	1.29e-99
7158	7185	7198	4.64e-97
158	7186	7199	1.50e-94
1558	7181	7200	7.16e-94
6946	7191	7201	9.94e-94
2186	7188	7202	1.04e-92
7195	7196	7203	2.54e-102
1676	7194	7204	5.12e-100
6949	7198	7205	4.08e-97
24	7197	7206	3.64e-96
120	7199	7207	1.63e-94
7203	7205	7208	4.25e-102
1640	7204	7209	1.42e-100
202	7207	7210	6.98e-93
39	7206	7211	1.87e-91
918	7208	7212	1.07e-100
161	7210	7213	6.54e-93
1232	7212	7214	3.73e-99
1389	7214	7215	3.39e-98
812	7215	7216	8.01e-98
818	7216	7217	1.30e-95
805	7217	7218	1.88e-94
1238	7218	7219	2.49e-96
912	7219	7220	2.46e-93
206	7220	7221	1.31e-95
711	7221	7222	5.80e-100
806	7222	7223	6.42e-98
6997	7223	7224	8.26e-97
826	7224	7225	1.35e-96
7172	7225	7226	6.34e-94
240	7226	7227	2.06e-96
1229	7227	7228	4.86e-96
1015	7228	7229	6.07e-97
243	7229	7230	1.69e-94
1115	7230	7231	1.34e-92
414	7231	7232	2.03e-98
407	7232	7233	1.75e-96
1550	7233	7234	2.97e-91
6926	7234	7235	7.76e-92
1010	7235	7236	5.64e-92
1436	7236	7237	1.02e-92
1334	7237	7238	6.81e-91
1103	7238	7239	9.28e-93
7162	7239	7240	3.05e-91
1217	7240	7241	1.10e-91
822	7241	7242	8.35e-92
7183	7242	7243	9.60e-91
2187	7202	7244	1.13e-90
921	1012	7245	2.13e-90
697	804	7246	2.66e-90
1673	2012	7247	4.04e-90
6959	7209	7248	5.78e-90
3730	7176	7249	7.96e-90
141	7213	7250	2.77e-89
567	7243	7251	3.62e-89
1552	1556	7252	7.08e-88
56	57	7253	1.13e-85
1586	1587	7254	1.77e-85
1329	1441	7255	3.82e-84
1688	6998	7256	6.14e-84
1497	7174	7257	8.10e-84
1228	7201	7258	2.29e-83
2733	2829	7259	2.77e-83
2706	2938	7260	6.81e-83
403	6964	7261	8.57e-83
6996	7037	7262	1.31e-82
925	7170	7263	1.63e-82
366	920	7264	6.73e-82
1946	2059	7265	7.95e-82
6975	7089	7266	6.10e-81
7246	7264	7267	1.42e-97
7245	7261	7268	1.25e-95
7251	7266	7269	1.35e-91
2168	7244	7270	1.81e-90
7169	7249	7271	2.41e-90
82	7250	7272	7.72e-88
7252	7262	7273	1.10e-87
1913	7247	7274	3.13e-85
1440	7248	7275	9.14e-84
7211	7253	7276	1.64e-82
7257	7258	7277	2.22e-81
2765	7259	7278	2.85e-81
7267	7268	7279	5.84e-99
7269	7275	7280	4.97e-91
7265	7274	7281	7.68e-90
3898	7270	7282	1.25e-87
3785	7271	7283	2.74e-86
136	7272	7284	1.24e-85
6972	7276	7285	3.22e-83
7040	7273	7286	3.27e-82
7279	7280	7287	6.34e-98
1235	7286	7288	3.50e-85
7255	7285	7289	1.08e-82
7277	7284	7290	1.52e-82
7287	7289	7291	3.08e-94
7157	7288	7292	2.30e-88
7290	7291	7293	1.05e-92
6989	7292	7294	2.71e-88
6940	7294	7295	4.72e-90
909	7295	7296	2.47e-88
658	7296	7297	7.32e-88
7293	7297	7298	3.60e-87
3841	7283	7299	2.60e-80
1471	7189	7300	4.14e-80
5522	5534	7301	1.75e-78
1206	7298	7302	3.94e-78
1492	7263	7303	1.40e-77
5501	5618	7304	1.77e-77
704	816	7305	2.90e-77
2836	7260	7306	9.34e-77
5515	5520	7307	2.15e-76
211	459	7308	3.86e-75
1769	7281	7309	4.32e-75
6922	6973	7310	2.05e-74
5521	5578	7311	3.31e-74
928	1006	7312	1.38e-72
5894	6060	7313	7.62e-72
1008	6913	7314	1.79e-71
6127	6165	7315	2.39e-71
1491	7300	7316	3.37e-95
7303	7310	7317	4.24e-88
7305	7314	7318	4.59e-86
7302	7308	7319	7.98e-83
1841	7309	7320	1.23e-79
7301	7304	7321	1.80e-74
5616	7307	7322	1.96e-71
7317	7318	7323	5.61e-92
7312	7319	7324	4.79e-83
1719	7320	7325	1.19e-78
7323	7324	7326	5.55e-91
7254	7325	7327	2.35e-78
1331	7326	7328	4.41e-78
1706	7327	7329	3.85e-77
7177	7328	7330	1.40e-75
1669	7330	7331	7.83e-76
246	7331	7332	8.12e-73
1358	7332	7333	5.53e-71
7316	7333	7334	5.32e-72
5907	6051	7335	6.84e-70
5935	5969	7336	1.51e-69
5988	7313	7337	5.11e-69
6170	6185	7338	7.61e-69
6052	6145	7339	1.52e-68
6341	7315	7340	1.62e-68
6161	6250	7341	2.75e-68
6046	6169	7342	3.12e-68
5453	7311	7343	1.27e-67
5523	7322	7344	3.08e-67
2174	7193	7345	7.02e-67
5870	6299	7346	1.06e-66
3899	7299	7347	1.96e-66
7256	7329	7348	2.27e-66
5850	6048	7349	4.90e-66
6050	6063	7350	2.59e-65
5852	5922	7351	4.31e-65
6053	6163	7352	5.95e-65
6168	6181	7353	6.10e-65
6160	6187	7354	6.03e-64
5393	5471	7355	6.58e-64
5992	6177	7356	1.17e-63
1531	7334	7357	1.54e-63
5472	5475	7358	2.08e-63
5749	6307	7359	4.61e-63
6049	6166	7360	5.78e-63
3257	3258	7361	9.96e-63
6173	6175	7362	1.84e-62
6359	6488	7363	2.64e-62
2510	3356	7364	4.77e-62
6066	6167	7365	6.33e-62
5980	6058	7366	1.33e-61
6056	6174	7367	5.55e-61
6164	6306	7368	7.28e-61
7321	7344	7369	5.85e-73
7340	7341	7370	9.57e-71
7336	7337	7371	1.06e-69
3784	7347	7372	8.57e-68
7342	7354	7373	1.93e-67
7349	7366	7374	1.84e-66
6171	7339	7375	2.86e-66
1670	7348	7376	5.40e-66
6305	7346	7377	3.47e-65
2350	7345	7378	5.21e-65
2060	7357	7379	6.04e-65
7360	7365	7380	2.59e-63
7343	7358	7381	7.67e-62
7356	7359	7382	9.26e-62
2794	7361	7383	1.39e-61
6061	7350	7384	2.20e-61
5851	7362	7385	2.41e-61
6009	7363	7386	6.09e-61
7371	7374	7387	8.61e-75
7369	7381	7388	5.41e-71
7370	7382	7389	2.24e-68
7375	7380	7390	2.67e-65
7373	7385	7391	2.50e-63
7159	7379	7392	9.33e-63
7278	7383	7393	9.81e-61
298	7392	7394	4.78e-68
7384	7387	7395	5.56e-68
6162	7389	7396	6.03e-63
7353	7390	7397	2.22e-62
7352	7391	7398	3.24e-61
7335	7395	7399	1.71e-66
200	7394	7400	2.33e-65
7396	7398	7401	1.66e-61
354	7400	7402	2.04e-67
6182	7401	7403	1.35e-62
6176	7403	7404	4.65e-62
7376	7402	7405	1.06e-61
1639	7405	7406	2.25e-62
6184	7404	7407	1.01e-61
6178	7407	7408	3.03e-61
1672	7406	7409	8.18e-61
7367	7408	7410	2.15e-62
6514	6537	7411	1.02e-60
6059	7399	7412	1.55e-60
6929	7409	7413	1.71e-60
6062	7397	7414	1.97e-60
5856	7410	7415	2.67e-60
6301	6361	7416	3.00e-60
6186	6304	7417	5.42e-60
6362	6484	7418	9.44e-60
5389	7388	7419	4.49e-59
5834	6485	7420	5.64e-59
6240	7386	7421	9.37e-59
6549	6589	7422	3.22e-58
6408	6504	7423	1.94e-57
6179	7368	7424	2.74e-55
6057	6065	7425	1.28e-53
6396	6475	7426	1.50e-53
6451	6496	7427	1.75e-53
5979	6188	7428	1.60e-52
6416	6521	7429	4.83e-52
2881	4283	7430	6.52e-52
7306	7393	7431	1.26e-51
6047	7414	7432	9.19e-61
5978	7415	7433	3.77e-60
7418	7421	7434	8.01e-59
6300	7416	7435	1.19e-58
6363	7411	7436	1.17e-56
6064	7412	7437	1.36e-55
7426	7429	7438	6.57e-55
7420	7427	7439	1.25e-54
7377	7424	7440	1.08e-52
7434	7439	7441	1.23e-59
7428	7433	7442	3.96e-58
6183	7432	7443	9.18e-56
7417	7435	7444	3.78e-55
6298	7440	7445	5.16e-53
6452	7437	7446	4.77e-52
7423	7436	7447	1.15e-51
7444	7445	7448	2.73e-58
6055	7442	7449	2.77e-57
6302	7448	7450	1.18e-54
7338	7449	7451	1.29e-54
6360	7451	7452	2.75e-55
7443	7452	7453	7.33e-53
6395	7453	7454	4.45e-53
6180	7454	7455	3.37e-51
6172	7455	7456	5.46e-52
5853	7456	7457	8.30e-55
7351	7457	7458	1.54e-52
7425	7458	7459	1.37e-52
5823	7459	7460	6.85e-53
6054	7460	7461	1.31e-50
3998	7282	7462	8.31e-50
7422	7447	7463	1.25e-48
3446	7431	7464	3.93e-47
5748	7441	7465	4.04e-47
2492	7364	7466	2.09e-46
5883	6303	7467	7.29e-43
7438	7446	7468	8.58e-42
7461	7467	7469	1.10e-53
2648	7464	7470	1.64e-48
5681	7463	7471	5.53e-48
6505	7465	7472	1.08e-46
7450	7468	7473	1.30e-42
7469	7473	7474	1.34e-54
5997	7472	7475	1.16e-43
7474	7475	7476	4.43e-53
5797	7476	7477	2.06e-56
6553	7477	7478	2.04e-46
6394	7478	7479	1.39e-43
6567	7479	7480	2.06e-42
6358	7480	7481	9.85e-43
645	7413	7482	2.53e-39
2434	7200	7483	2.42e-38
6821	6822	7484	1.46e-37
7430	7470	7485	7.85e-37
7462	7466	7486	6.04e-36
6405	7481	7487	1.37e-35
2454	7372	7488	7.81e-35
3056	7485	7489	2.61e-35
6479	7487	7490	1.70e-31
5680	7490	7491	3.63e-28
6758	7484	7492	6.29e-28
4894	7489	7493	4.95e-27
7486	7488	7494	9.51e-26
3017	3712	7495	1.79e-25
249	7482	7496	6.70e-22
7471	7491	7497	1.07e-26
7483	7493	7498	1.88e-26
7378	7494	7499	9.57e-25
7495	7498	7500	1.01e-27
3732	7499	7501	1.69e-21
7500	7501	7502	6.23e-30
5009	7419	7503	4.00e-18
7492	7497	7504	2.34e-16
3357	7502	7505	1.59e-14
2149	4415	7506	9.99e-11
5392	7503	7507	9.39e-15
7355	7505	7508	3.26e-13
5391	7507	7509	4.28e-26
7506	7508	7510	1.31e-12
5720	7509	7511	6.93e-13
7510	7511	7512	4.10e-13
7496	7512	7513	5.98e-07
2707	7513	7514	2.85e-04
5709	7504	7515	4.67e-02
7514	7515	7516	6.69e-02
6904	7516	7517	7.25e-01
