30	31	574	8.13e-52
8	33	575	1.41e-49
172	174	576	8.45e-49
394	398	577	2.08e-47
299	316	578	4.84e-45
81	573	579	1.04e-44
24	25	580	1.05e-44
339	368	581	5.77e-44
520	521	582	1.37e-43
399	402	583	4.97e-43
401	452	584	1.20e-41
223	576	585	1.12e-62
579	585	586	8.59e-61
185	586	587	1.32e-61
580	587	588	2.47e-50
577	583	589	3.06e-46
338	578	590	3.94e-46
400	584	591	3.13e-42
44	588	592	2.29e-61
393	591	593	6.96e-43
26	574	594	2.53e-39
451	589	595	1.98e-38
77	592	596	2.32e-38
337	581	597	3.72e-38
396	397	598	3.42e-37
496	582	599	4.30e-32
9	522	600	5.32e-31
453	598	601	5.73e-37
593	595	602	1.09e-33
302	596	603	5.86e-32
601	602	604	4.07e-57
454	604	605	3.60e-48
369	605	606	2.44e-38
575	603	607	3.58e-33
594	607	608	6.33e-26
553	590	609	1.77e-25
305	608	610	2.79e-28
609	610	611	3.67e-26
559	611	612	3.67e-25
599	612	613	5.40e-24
597	613	614	8.56e-21
600	614	615	3.95e-21
606	615	616	3.86e-16
560	616	617	2.39e-08
