working_339	working_368	574	8.06e-51
working_30	working_31	575	1.75e-50
working_8	working_33	576	1.32e-48
working_172	working_174	577	6.47e-48
working_394	working_398	578	8.84e-47
working_299	working_316	579	2.70e-44
working_81	working_573	580	5.95e-44
working_399	working_402	581	1.11e-43
working_24	working_25	582	1.76e-43
working_520	working_521	583	5.80e-43
working_400	working_401	584	1.52e-41
working_338	579	585	1.58e-45
578	581	586	2.84e-45
working_44	582	587	2.59e-42
working_452	584	588	2.61e-41
working_393	588	589	3.82e-42
working_26	575	590	5.77e-39
working_223	577	591	1.00e-38
working_451	586	592	3.35e-38
working_337	574	593	1.19e-37
working_396	working_397	594	2.54e-36
working_496	583	595	1.36e-31
working_185	591	596	7.68e-39
working_453	594	597	1.78e-36
589	592	598	5.08e-33
580	596	599	1.95e-36
597	598	600	9.29e-36
587	599	601	1.50e-32
working_454	600	602	2.58e-31
working_9	working_522	603	5.65e-30
working_369	602	604	4.80e-26
working_553	585	605	3.92e-25
working_77	601	606	1.50e-24
working_302	606	607	1.90e-22
576	607	608	9.32e-23
605	608	609	4.39e-19
593	603	610	5.64e-19
working_305	590	611	5.98e-16
working_559	595	612	4.08e-11
609	611	613	2.39e-23
610	612	614	2.68e-13
613	614	615	1.22e-26
604	615	616	1.14e-13
working_560	616	617	1.92e-09
